WARNING:torch.distributed.run:
*****************************************
Setting OMP_NUM_THREADS environment variable for each process to be 1 in default, to avoid your system being overloaded, please further tune the variable for optimal performance in your application as needed. 
*****************************************
start programstart programstart programstart program



wandb: Using wandb-core as the SDK backend.  Please refer to https://wandb.me/wandb-core for more information.
wandb: Using wandb-core as the SDK backend.  Please refer to https://wandb.me/wandb-core for more information.
wandb: Using wandb-core as the SDK backend.  Please refer to https://wandb.me/wandb-core for more information.
wandb: Using wandb-core as the SDK backend.  Please refer to https://wandb.me/wandb-core for more information.
wandb: WARNING Unable to verify login in offline mode.
wandb: WARNING Unable to verify login in offline mode.
wandb: WARNING Unable to verify login in offline mode.
wandb: WARNING Unable to verify login in offline mode.
wandb: Tracking run with wandb version 0.19.8
wandb: Tracking run with wandb version 0.19.8
wandb: W&B syncing is set to `offline` in this directory.  
wandb: Run `wandb online` or set WANDB_MODE=online to enable cloud syncing.
wandb: W&B syncing is set to `offline` in this directory.  
wandb: Run `wandb online` or set WANDB_MODE=online to enable cloud syncing.
wandb: Tracking run with wandb version 0.19.8
wandb: Tracking run with wandb version 0.19.8
wandb: W&B syncing is set to `offline` in this directory.  
wandb: Run `wandb online` or set WANDB_MODE=online to enable cloud syncing.
wandb: W&B syncing is set to `offline` in this directory.  
wandb: Run `wandb online` or set WANDB_MODE=online to enable cloud syncing.
{
    "model": {
        "name": "dino2 + cross_attention",
        "dino-model": "dinov2_vits14",
        "layer1": 11,
        "facet1": "query",
        "facet2": "query",
        "num-heads": 1,
        "dropout-rate": 0.1,
        "target-shp-row": 504,
        "target-shp-col": 504,
        "num-blocks": 1,
        "freeze-dino": true,
        "unfreeze-dino-last-n-layer": 0
    },
    "optimizer": {
        "epochs": 100,
        "early-stop": 5,
        "warmup-epoch": 10,
        "learn-rate": 0.0001,
        "loss-weight": true,
        "lr-scheduler": "cosine",
        "grad-scaler": true
    },
    "dataset": {
        "batch-size": 2,
        "num-workers": 4,
        "dataset": "Combined",
        "hflip-prob": 0.5,
        "diff-augment": false
    },
    "evaluation": {
        "trainset": 0
    },
    "wandb": {
        "project": "",
        "name": "",
        "output-path": "/scratch/ds5725/alvpr/Robust-Scene-Change-Detection/src/output/2025-05-12.06-16-46",
        "save-checkpoint-freq": 10
    },
    "environment": {
        "dry": true,
        "seed": 123,
        "verbose": true,
        "device": "cuda"
    }
}
get combined dataset
{
    "model": {
        "name": "dino2 + cross_attention",
        "dino-model": "dinov2_vits14",
        "layer1": 11,
        "facet1": "query",
        "facet2": "query",
        "num-heads": 1,
        "dropout-rate": 0.1,
        "target-shp-row": 504,
        "target-shp-col": 504,
        "num-blocks": 1,
        "freeze-dino": true,
        "unfreeze-dino-last-n-layer": 0
    },
    "optimizer": {
        "epochs": 100,
        "early-stop": 5,
        "warmup-epoch": 10,
        "learn-rate": 0.0001,
        "loss-weight": true,
        "lr-scheduler": "cosine",
        "grad-scaler": true
    },
    "dataset": {
        "batch-size": 2,
        "num-workers": 4,
        "dataset": "Combined",
        "hflip-prob": 0.5,
        "diff-augment": false
    },
    "evaluation": {
        "trainset": 0
    },
    "wandb": {
        "project": "",
        "name": "",
        "output-path": "/scratch/ds5725/alvpr/Robust-Scene-Change-Detection/src/output/2025-05-12.06-16-46",
        "save-checkpoint-freq": 10
    },
    "environment": {
        "dry": true,
        "seed": 123,
        "verbose": true,
        "device": "cuda"
    }
}{
    "model": {
        "name": "dino2 + cross_attention",
        "dino-model": "dinov2_vits14",
        "layer1": 11,
        "facet1": "query",
        "facet2": "query",
        "num-heads": 1,
        "dropout-rate": 0.1,
        "target-shp-row": 504,
        "target-shp-col": 504,
        "num-blocks": 1,
        "freeze-dino": true,
        "unfreeze-dino-last-n-layer": 0
    },
    "optimizer": {
        "epochs": 100,
        "early-stop": 5,
        "warmup-epoch": 10,
        "learn-rate": 0.0001,
        "loss-weight": true,
        "lr-scheduler": "cosine",
        "grad-scaler": true
    },
    "dataset": {
        "batch-size": 2,
        "num-workers": 4,
        "dataset": "Combined",
        "hflip-prob": 0.5,
        "diff-augment": false
    },
    "evaluation": {
        "trainset": 0
    },
    "wandb": {
        "project": "",
        "name": "",
        "output-path": "/scratch/ds5725/alvpr/Robust-Scene-Change-Detection/src/output/2025-05-12.06-16-46",
        "save-checkpoint-freq": 10
    },
    "environment": {
        "dry": true,
        "seed": 123,
        "verbose": true,
        "device": "cuda"
    }
}

get combined datasetget combined dataset

{
    "model": {
        "name": "dino2 + cross_attention",
        "dino-model": "dinov2_vits14",
        "layer1": 11,
        "facet1": "query",
        "facet2": "query",
        "num-heads": 1,
        "dropout-rate": 0.1,
        "target-shp-row": 504,
        "target-shp-col": 504,
        "num-blocks": 1,
        "freeze-dino": true,
        "unfreeze-dino-last-n-layer": 0
    },
    "optimizer": {
        "epochs": 100,
        "early-stop": 5,
        "warmup-epoch": 10,
        "learn-rate": 0.0001,
        "loss-weight": true,
        "lr-scheduler": "cosine",
        "grad-scaler": true
    },
    "dataset": {
        "batch-size": 2,
        "num-workers": 4,
        "dataset": "Combined",
        "hflip-prob": 0.5,
        "diff-augment": false
    },
    "evaluation": {
        "trainset": 0
    },
    "wandb": {
        "project": "",
        "name": "",
        "output-path": "/scratch/ds5725/alvpr/Robust-Scene-Change-Detection/src/output/2025-05-12.06-16-46",
        "save-checkpoint-freq": 10
    },
    "environment": {
        "dry": true,
        "seed": 123,
        "verbose": true,
        "device": "cuda"
    }
}
get combined dataset
initialize cmu dataset
initialize cmu datasetinitialize cmu dataset

initialize cmu dataset
initialize our train datasetinitialize our train dataset
initialize our train dataset
initialize our train dataset

Using DistributedSampler for train
Using DistributedSampler for train
Using DistributedSampler for train
initialize cmu dataset
Using DistributedSampler for train
initialize cmu dataset
initialize our train dataset
initialize cmu dataset
initialize our train dataset
initialize our train dataset
initialize cmu dataset
initialize our train dataset
Using DistributedSampler for val
Using DistributedSampler for val
Using DistributedSampler for val
Using DistributedSampler for val
initialize cmu dataset
initialize cmu dataset
initialize cmu datasetinitialize our test dataset

initialize our test dataset
initialize our test dataset
initialize cmu dataset
initialize our test dataset
Using DistributedSampler for testUsing DistributedSampler for test
Using DistributedSampler for test

Using DistributedSampler for test
Traceback (most recent call last):
  File "/scratch/ds5725/alvpr/Robust-Scene-Change-Detection/src/scripts/train_para.py", line 582, in <module>
    main(args)
  File "/scratch/ds5725/alvpr/Robust-Scene-Change-Detection/src/scripts/train_para.py", line 308, in main
    optimizer = torch.optim.Adam(model.parameters(), lr=learn_rate)
UnboundLocalError: local variable 'model' referenced before assignment
Traceback (most recent call last):
  File "/scratch/ds5725/alvpr/Robust-Scene-Change-Detection/src/scripts/train_para.py", line 582, in <module>
    main(args)
  File "/scratch/ds5725/alvpr/Robust-Scene-Change-Detection/src/scripts/train_para.py", line 308, in main
    optimizer = torch.optim.Adam(model.parameters(), lr=learn_rate)
UnboundLocalError: local variable 'model' referenced before assignment
Traceback (most recent call last):
  File "/scratch/ds5725/alvpr/Robust-Scene-Change-Detection/src/scripts/train_para.py", line 582, in <module>
    main(args)
  File "/scratch/ds5725/alvpr/Robust-Scene-Change-Detection/src/scripts/train_para.py", line 308, in main
    optimizer = torch.optim.Adam(model.parameters(), lr=learn_rate)
UnboundLocalError: local variable 'model' referenced before assignment
Traceback (most recent call last):
  File "/scratch/ds5725/alvpr/Robust-Scene-Change-Detection/src/scripts/train_para.py", line 582, in <module>
    main(args)
  File "/scratch/ds5725/alvpr/Robust-Scene-Change-Detection/src/scripts/train_para.py", line 308, in main
    optimizer = torch.optim.Adam(model.parameters(), lr=learn_rate)
UnboundLocalError: local variable 'model' referenced before assignment
[1;34mwandb[0m: 
[1;34mwandb[0m: You can sync this run to the cloud by running:
[1;34mwandb[0m: [1mwandb sync /scratch/ds5725/alvpr/Robust-Scene-Change-Detection/src/output/2025-05-12.06-16-46/wandb/offline-run-20250512_021646-0gx6pe1q[0m
[1;34mwandb[0m: Find logs at: [1;35moutput/2025-05-12.06-16-46/wandb/offline-run-20250512_021646-0gx6pe1q/logs[0m
[1;34mwandb[0m: 
[1;34mwandb[0m: You can sync this run to the cloud by running:
[1;34mwandb[0m: [1mwandb sync /scratch/ds5725/alvpr/Robust-Scene-Change-Detection/src/output/2025-05-12.06-16-46/wandb/offline-run-20250512_021646-v00favxn[0m
[1;34mwandb[0m: Find logs at: [1;35moutput/2025-05-12.06-16-46/wandb/offline-run-20250512_021646-v00favxn/logs[0m
[1;34mwandb[0m: 
[1;34mwandb[0m: You can sync this run to the cloud by running:
[1;34mwandb[0m: [1mwandb sync /scratch/ds5725/alvpr/Robust-Scene-Change-Detection/src/output/2025-05-12.06-16-46/wandb/offline-run-20250512_021646-iif9eohe[0m
[1;34mwandb[0m: Find logs at: [1;35moutput/2025-05-12.06-16-46/wandb/offline-run-20250512_021646-iif9eohe/logs[0m
[1;34mwandb[0m: 
[1;34mwandb[0m: You can sync this run to the cloud by running:
[1;34mwandb[0m: [1mwandb sync /scratch/ds5725/alvpr/Robust-Scene-Change-Detection/src/output/2025-05-12.06-16-46/wandb/offline-run-20250512_021646-mkx8j4xp[0m
[1;34mwandb[0m: Find logs at: [1;35moutput/2025-05-12.06-16-46/wandb/offline-run-20250512_021646-mkx8j4xp/logs[0m
ERROR:torch.distributed.elastic.multiprocessing.api:failed (exitcode: 1) local_rank: 0 (pid: 4074203) of binary: /ext3/miniconda3/envs/rscd/bin/python
Traceback (most recent call last):
  File "/ext3/miniconda3/envs/rscd/bin/torchrun", line 8, in <module>
    sys.exit(main())
  File "/ext3/miniconda3/envs/rscd/lib/python3.9/site-packages/torch/distributed/elastic/multiprocessing/errors/__init__.py", line 346, in wrapper
    return f(*args, **kwargs)
  File "/ext3/miniconda3/envs/rscd/lib/python3.9/site-packages/torch/distributed/run.py", line 762, in main
    run(args)
  File "/ext3/miniconda3/envs/rscd/lib/python3.9/site-packages/torch/distributed/run.py", line 753, in run
    elastic_launch(
  File "/ext3/miniconda3/envs/rscd/lib/python3.9/site-packages/torch/distributed/launcher/api.py", line 132, in __call__
    return launch_agent(self._config, self._entrypoint, list(args))
  File "/ext3/miniconda3/envs/rscd/lib/python3.9/site-packages/torch/distributed/launcher/api.py", line 246, in launch_agent
    raise ChildFailedError(
torch.distributed.elastic.multiprocessing.errors.ChildFailedError: 
============================================================
src/scripts/train_para.py FAILED
------------------------------------------------------------
Failures:
[1]:
  time      : 2025-05-12_02:17:01
  host      : gr053.hpc.nyu.edu
  rank      : 1 (local_rank: 1)
  exitcode  : 1 (pid: 4074204)
  error_file: <N/A>
  traceback : To enable traceback see: https://pytorch.org/docs/stable/elastic/errors.html
[2]:
  time      : 2025-05-12_02:17:01
  host      : gr053.hpc.nyu.edu
  rank      : 2 (local_rank: 2)
  exitcode  : 1 (pid: 4074205)
  error_file: <N/A>
  traceback : To enable traceback see: https://pytorch.org/docs/stable/elastic/errors.html
[3]:
  time      : 2025-05-12_02:17:01
  host      : gr053.hpc.nyu.edu
  rank      : 3 (local_rank: 3)
  exitcode  : 1 (pid: 4074206)
  error_file: <N/A>
  traceback : To enable traceback see: https://pytorch.org/docs/stable/elastic/errors.html
------------------------------------------------------------
Root Cause (first observed failure):
[0]:
  time      : 2025-05-12_02:17:01
  host      : gr053.hpc.nyu.edu
  rank      : 0 (local_rank: 0)
  exitcode  : 1 (pid: 4074203)
  error_file: <N/A>
  traceback : To enable traceback see: https://pytorch.org/docs/stable/elastic/errors.html
============================================================
