Collecting torch (from -r requirements.txt (line 1))
  Downloading torch-2.6.0-cp310-cp310-manylinux1_x86_64.whl.metadata (28 kB)
Collecting torchvision (from -r requirements.txt (line 2))
  Downloading torchvision-0.21.0-cp310-cp310-manylinux1_x86_64.whl.metadata (6.1 kB)
Collecting transformers==4.30.2 (from -r requirements.txt (line 3))
  Downloading transformers-4.30.2-py3-none-any.whl.metadata (113 kB)
Collecting addict (from -r requirements.txt (line 4))
  Downloading addict-2.4.0-py3-none-any.whl.metadata (1.0 kB)
Collecting yapf (from -r requirements.txt (line 5))
  Downloading yapf-0.43.0-py3-none-any.whl.metadata (46 kB)
Collecting timm (from -r requirements.txt (line 6))
  Downloading timm-1.0.15-py3-none-any.whl.metadata (52 kB)
Requirement already satisfied: numpy in /ext3/miniconda3/envs/scd/lib/python3.10/site-packages (from -r requirements.txt (line 7)) (1.26.4)
Collecting opencv-python (from -r requirements.txt (line 8))
  Downloading opencv_python-4.11.0.86-cp37-abi3-manylinux_2_17_x86_64.manylinux2014_x86_64.whl.metadata (20 kB)
Collecting supervision>=0.22.0 (from -r requirements.txt (line 9))
  Downloading supervision-0.25.1-py3-none-any.whl.metadata (14 kB)
Collecting pycocotools (from -r requirements.txt (line 10))
  Downloading pycocotools-2.0.8-cp310-cp310-manylinux_2_17_x86_64.manylinux2014_x86_64.whl.metadata (1.1 kB)
Collecting filelock (from transformers==4.30.2->-r requirements.txt (line 3))
  Downloading filelock-3.18.0-py3-none-any.whl.metadata (2.9 kB)
Collecting huggingface-hub<1.0,>=0.14.1 (from transformers==4.30.2->-r requirements.txt (line 3))
  Downloading huggingface_hub-0.30.2-py3-none-any.whl.metadata (13 kB)
Requirement already satisfied: packaging>=20.0 in /ext3/miniconda3/envs/scd/lib/python3.10/site-packages (from transformers==4.30.2->-r requirements.txt (line 3)) (25.0)
Requirement already satisfied: pyyaml>=5.1 in /ext3/miniconda3/envs/scd/lib/python3.10/site-packages (from transformers==4.30.2->-r requirements.txt (line 3)) (6.0.2)
Collecting regex!=2019.12.17 (from transformers==4.30.2->-r requirements.txt (line 3))
  Downloading regex-2024.11.6-cp310-cp310-manylinux_2_17_x86_64.manylinux2014_x86_64.whl.metadata (40 kB)
Requirement already satisfied: requests in /ext3/miniconda3/envs/scd/lib/python3.10/site-packages (from transformers==4.30.2->-r requirements.txt (line 3)) (2.32.3)
Collecting tokenizers!=0.11.3,<0.14,>=0.11.1 (from transformers==4.30.2->-r requirements.txt (line 3))
  Downloading tokenizers-0.13.3-cp310-cp310-manylinux_2_17_x86_64.manylinux2014_x86_64.whl.metadata (6.7 kB)
Collecting safetensors>=0.3.1 (from transformers==4.30.2->-r requirements.txt (line 3))
  Downloading safetensors-0.5.3-cp38-abi3-manylinux_2_17_x86_64.manylinux2014_x86_64.whl.metadata (3.8 kB)
Collecting tqdm>=4.27 (from transformers==4.30.2->-r requirements.txt (line 3))
  Downloading tqdm-4.67.1-py3-none-any.whl.metadata (57 kB)
Requirement already satisfied: typing-extensions>=4.10.0 in /ext3/miniconda3/envs/scd/lib/python3.10/site-packages (from torch->-r requirements.txt (line 1)) (4.13.2)
Collecting networkx (from torch->-r requirements.txt (line 1))
  Downloading networkx-3.4.2-py3-none-any.whl.metadata (6.3 kB)
Collecting jinja2 (from torch->-r requirements.txt (line 1))
  Downloading jinja2-3.1.6-py3-none-any.whl.metadata (2.9 kB)
Collecting fsspec (from torch->-r requirements.txt (line 1))
  Downloading fsspec-2025.3.2-py3-none-any.whl.metadata (11 kB)
Collecting nvidia-cuda-nvrtc-cu12==12.4.127 (from torch->-r requirements.txt (line 1))
  Downloading nvidia_cuda_nvrtc_cu12-12.4.127-py3-none-manylinux2014_x86_64.whl.metadata (1.5 kB)
Collecting nvidia-cuda-runtime-cu12==12.4.127 (from torch->-r requirements.txt (line 1))
  Downloading nvidia_cuda_runtime_cu12-12.4.127-py3-none-manylinux2014_x86_64.whl.metadata (1.5 kB)
Collecting nvidia-cuda-cupti-cu12==12.4.127 (from torch->-r requirements.txt (line 1))
  Downloading nvidia_cuda_cupti_cu12-12.4.127-py3-none-manylinux2014_x86_64.whl.metadata (1.6 kB)
Collecting nvidia-cudnn-cu12==9.1.0.70 (from torch->-r requirements.txt (line 1))
  Downloading nvidia_cudnn_cu12-9.1.0.70-py3-none-manylinux2014_x86_64.whl.metadata (1.6 kB)
Collecting nvidia-cublas-cu12==12.4.5.8 (from torch->-r requirements.txt (line 1))
  Downloading nvidia_cublas_cu12-12.4.5.8-py3-none-manylinux2014_x86_64.whl.metadata (1.5 kB)
Collecting nvidia-cufft-cu12==11.2.1.3 (from torch->-r requirements.txt (line 1))
  Downloading nvidia_cufft_cu12-11.2.1.3-py3-none-manylinux2014_x86_64.whl.metadata (1.5 kB)
Collecting nvidia-curand-cu12==10.3.5.147 (from torch->-r requirements.txt (line 1))
  Downloading nvidia_curand_cu12-10.3.5.147-py3-none-manylinux2014_x86_64.whl.metadata (1.5 kB)
Collecting nvidia-cusolver-cu12==11.6.1.9 (from torch->-r requirements.txt (line 1))
  Downloading nvidia_cusolver_cu12-11.6.1.9-py3-none-manylinux2014_x86_64.whl.metadata (1.6 kB)
Collecting nvidia-cusparse-cu12==12.3.1.170 (from torch->-r requirements.txt (line 1))
  Downloading nvidia_cusparse_cu12-12.3.1.170-py3-none-manylinux2014_x86_64.whl.metadata (1.6 kB)
Collecting nvidia-cusparselt-cu12==0.6.2 (from torch->-r requirements.txt (line 1))
  Downloading nvidia_cusparselt_cu12-0.6.2-py3-none-manylinux2014_x86_64.whl.metadata (6.8 kB)
Collecting nvidia-nccl-cu12==2.21.5 (from torch->-r requirements.txt (line 1))
  Downloading nvidia_nccl_cu12-2.21.5-py3-none-manylinux2014_x86_64.whl.metadata (1.8 kB)
Collecting nvidia-nvtx-cu12==12.4.127 (from torch->-r requirements.txt (line 1))
  Downloading nvidia_nvtx_cu12-12.4.127-py3-none-manylinux2014_x86_64.whl.metadata (1.7 kB)
Collecting nvidia-nvjitlink-cu12==12.4.127 (from torch->-r requirements.txt (line 1))
  Downloading nvidia_nvjitlink_cu12-12.4.127-py3-none-manylinux2014_x86_64.whl.metadata (1.5 kB)
Collecting triton==3.2.0 (from torch->-r requirements.txt (line 1))
  Downloading triton-3.2.0-cp310-cp310-manylinux_2_17_x86_64.manylinux2014_x86_64.whl.metadata (1.4 kB)
Collecting sympy==1.13.1 (from torch->-r requirements.txt (line 1))
  Downloading sympy-1.13.1-py3-none-any.whl.metadata (12 kB)
Collecting mpmath<1.4,>=1.1.0 (from sympy==1.13.1->torch->-r requirements.txt (line 1))
  Downloading mpmath-1.3.0-py3-none-any.whl.metadata (8.6 kB)
Requirement already satisfied: pillow!=8.3.*,>=5.3.0 in /ext3/miniconda3/envs/scd/lib/python3.10/site-packages (from torchvision->-r requirements.txt (line 2)) (11.2.1)
Requirement already satisfied: platformdirs>=3.5.1 in /ext3/miniconda3/envs/scd/lib/python3.10/site-packages (from yapf->-r requirements.txt (line 5)) (4.3.7)
Collecting tomli>=2.0.1 (from yapf->-r requirements.txt (line 5))
  Downloading tomli-2.2.1-py3-none-any.whl.metadata (10 kB)
Requirement already satisfied: contourpy>=1.0.7 in /ext3/miniconda3/envs/scd/lib/python3.10/site-packages (from supervision>=0.22.0->-r requirements.txt (line 9)) (1.3.2)
Collecting defusedxml<0.8.0,>=0.7.1 (from supervision>=0.22.0->-r requirements.txt (line 9))
  Downloading defusedxml-0.7.1-py2.py3-none-any.whl.metadata (32 kB)
Requirement already satisfied: matplotlib>=3.6.0 in /ext3/miniconda3/envs/scd/lib/python3.10/site-packages (from supervision>=0.22.0->-r requirements.txt (line 9)) (3.10.1)
Collecting scipy<2.0.0,>=1.10.0 (from supervision>=0.22.0->-r requirements.txt (line 9))
  Downloading scipy-1.15.2-cp310-cp310-manylinux_2_17_x86_64.manylinux2014_x86_64.whl.metadata (61 kB)
Requirement already satisfied: cycler>=0.10 in /ext3/miniconda3/envs/scd/lib/python3.10/site-packages (from matplotlib>=3.6.0->supervision>=0.22.0->-r requirements.txt (line 9)) (0.12.1)
Requirement already satisfied: fonttools>=4.22.0 in /ext3/miniconda3/envs/scd/lib/python3.10/site-packages (from matplotlib>=3.6.0->supervision>=0.22.0->-r requirements.txt (line 9)) (4.57.0)
Requirement already satisfied: kiwisolver>=1.3.1 in /ext3/miniconda3/envs/scd/lib/python3.10/site-packages (from matplotlib>=3.6.0->supervision>=0.22.0->-r requirements.txt (line 9)) (1.4.8)
Requirement already satisfied: pyparsing>=2.3.1 in /ext3/miniconda3/envs/scd/lib/python3.10/site-packages (from matplotlib>=3.6.0->supervision>=0.22.0->-r requirements.txt (line 9)) (3.2.3)
Requirement already satisfied: python-dateutil>=2.7 in /ext3/miniconda3/envs/scd/lib/python3.10/site-packages (from matplotlib>=3.6.0->supervision>=0.22.0->-r requirements.txt (line 9)) (2.9.0.post0)
Requirement already satisfied: charset-normalizer<4,>=2 in /ext3/miniconda3/envs/scd/lib/python3.10/site-packages (from requests->transformers==4.30.2->-r requirements.txt (line 3)) (3.4.1)
Requirement already satisfied: idna<4,>=2.5 in /ext3/miniconda3/envs/scd/lib/python3.10/site-packages (from requests->transformers==4.30.2->-r requirements.txt (line 3)) (3.10)
Requirement already satisfied: urllib3<3,>=1.21.1 in /ext3/miniconda3/envs/scd/lib/python3.10/site-packages (from requests->transformers==4.30.2->-r requirements.txt (line 3)) (2.4.0)
Requirement already satisfied: certifi>=2017.4.17 in /ext3/miniconda3/envs/scd/lib/python3.10/site-packages (from requests->transformers==4.30.2->-r requirements.txt (line 3)) (2025.1.31)
Collecting MarkupSafe>=2.0 (from jinja2->torch->-r requirements.txt (line 1))
  Downloading MarkupSafe-3.0.2-cp310-cp310-manylinux_2_17_x86_64.manylinux2014_x86_64.whl.metadata (4.0 kB)
Requirement already satisfied: six>=1.5 in /ext3/miniconda3/envs/scd/lib/python3.10/site-packages (from python-dateutil>=2.7->matplotlib>=3.6.0->supervision>=0.22.0->-r requirements.txt (line 9)) (1.17.0)
Downloading transformers-4.30.2-py3-none-any.whl (7.2 MB)
   ━━━━━━━━━━━━━━━━━━━━━━━━━━━━━━━━━━━━━━━━ 7.2/7.2 MB 359.8 MB/s eta 0:00:00
Downloading torch-2.6.0-cp310-cp310-manylinux1_x86_64.whl (766.7 MB)
   ━━━━━━━━━━━━━━━━━━━━━━━━━━━━━━━━━━━━━━━ 766.7/766.7 MB 348.7 MB/s eta 0:00:00
Downloading nvidia_cublas_cu12-12.4.5.8-py3-none-manylinux2014_x86_64.whl (363.4 MB)
   ━━━━━━━━━━━━━━━━━━━━━━━━━━━━━━━━━━━━━━━ 363.4/363.4 MB 217.3 MB/s eta 0:00:00
Downloading nvidia_cuda_cupti_cu12-12.4.127-py3-none-manylinux2014_x86_64.whl (13.8 MB)
   ━━━━━━━━━━━━━━━━━━━━━━━━━━━━━━━━━━━━━━━━ 13.8/13.8 MB 360.8 MB/s eta 0:00:00
Downloading nvidia_cuda_nvrtc_cu12-12.4.127-py3-none-manylinux2014_x86_64.whl (24.6 MB)
   ━━━━━━━━━━━━━━━━━━━━━━━━━━━━━━━━━━━━━━━━ 24.6/24.6 MB 256.7 MB/s eta 0:00:00
Downloading nvidia_cuda_runtime_cu12-12.4.127-py3-none-manylinux2014_x86_64.whl (883 kB)
   ━━━━━━━━━━━━━━━━━━━━━━━━━━━━━━━━━━━━━━━ 883.7/883.7 kB 678.1 MB/s eta 0:00:00
Downloading nvidia_cudnn_cu12-9.1.0.70-py3-none-manylinux2014_x86_64.whl (664.8 MB)
   ━━━━━━━━━━━━━━━━━━━━━━━━━━━━━━━━━━━━━━━ 664.8/664.8 MB 273.9 MB/s eta 0:00:00
Downloading nvidia_cufft_cu12-11.2.1.3-py3-none-manylinux2014_x86_64.whl (211.5 MB)
   ━━━━━━━━━━━━━━━━━━━━━━━━━━━━━━━━━━━━━━━ 211.5/211.5 MB 163.0 MB/s eta 0:00:00
Downloading nvidia_curand_cu12-10.3.5.147-py3-none-manylinux2014_x86_64.whl (56.3 MB)
   ━━━━━━━━━━━━━━━━━━━━━━━━━━━━━━━━━━━━━━━━ 56.3/56.3 MB 165.8 MB/s eta 0:00:00
Downloading nvidia_cusolver_cu12-11.6.1.9-py3-none-manylinux2014_x86_64.whl (127.9 MB)
   ━━━━━━━━━━━━━━━━━━━━━━━━━━━━━━━━━━━━━━━ 127.9/127.9 MB 222.3 MB/s eta 0:00:00
Downloading nvidia_cusparse_cu12-12.3.1.170-py3-none-manylinux2014_x86_64.whl (207.5 MB)
   ━━━━━━━━━━━━━━━━━━━━━━━━━━━━━━━━━━━━━━━ 207.5/207.5 MB 235.5 MB/s eta 0:00:00
Downloading nvidia_cusparselt_cu12-0.6.2-py3-none-manylinux2014_x86_64.whl (150.1 MB)
   ━━━━━━━━━━━━━━━━━━━━━━━━━━━━━━━━━━━━━━━ 150.1/150.1 MB 328.2 MB/s eta 0:00:00
Downloading nvidia_nccl_cu12-2.21.5-py3-none-manylinux2014_x86_64.whl (188.7 MB)
   ━━━━━━━━━━━━━━━━━━━━━━━━━━━━━━━━━━━━━━━ 188.7/188.7 MB 391.9 MB/s eta 0:00:00
Downloading nvidia_nvjitlink_cu12-12.4.127-py3-none-manylinux2014_x86_64.whl (21.1 MB)
   ━━━━━━━━━━━━━━━━━━━━━━━━━━━━━━━━━━━━━━━━ 21.1/21.1 MB 297.2 MB/s eta 0:00:00
Downloading nvidia_nvtx_cu12-12.4.127-py3-none-manylinux2014_x86_64.whl (99 kB)
Downloading sympy-1.13.1-py3-none-any.whl (6.2 MB)
   ━━━━━━━━━━━━━━━━━━━━━━━━━━━━━━━━━━━━━━━━ 6.2/6.2 MB 282.1 MB/s eta 0:00:00
Downloading triton-3.2.0-cp310-cp310-manylinux_2_17_x86_64.manylinux2014_x86_64.whl (253.1 MB)
   ━━━━━━━━━━━━━━━━━━━━━━━━━━━━━━━━━━━━━━━ 253.1/253.1 MB 290.9 MB/s eta 0:00:00
Downloading torchvision-0.21.0-cp310-cp310-manylinux1_x86_64.whl (7.2 MB)
   ━━━━━━━━━━━━━━━━━━━━━━━━━━━━━━━━━━━━━━━━ 7.2/7.2 MB 346.6 MB/s eta 0:00:00
Downloading addict-2.4.0-py3-none-any.whl (3.8 kB)
Downloading yapf-0.43.0-py3-none-any.whl (256 kB)
Downloading timm-1.0.15-py3-none-any.whl (2.4 MB)
   ━━━━━━━━━━━━━━━━━━━━━━━━━━━━━━━━━━━━━━━━ 2.4/2.4 MB 345.8 MB/s eta 0:00:00
Downloading opencv_python-4.11.0.86-cp37-abi3-manylinux_2_17_x86_64.manylinux2014_x86_64.whl (63.0 MB)
   ━━━━━━━━━━━━━━━━━━━━━━━━━━━━━━━━━━━━━━━━ 63.0/63.0 MB 244.4 MB/s eta 0:00:00
Downloading supervision-0.25.1-py3-none-any.whl (181 kB)
Downloading pycocotools-2.0.8-cp310-cp310-manylinux_2_17_x86_64.manylinux2014_x86_64.whl (427 kB)
Downloading defusedxml-0.7.1-py2.py3-none-any.whl (25 kB)
Downloading huggingface_hub-0.30.2-py3-none-any.whl (481 kB)
Downloading fsspec-2025.3.2-py3-none-any.whl (194 kB)
Downloading regex-2024.11.6-cp310-cp310-manylinux_2_17_x86_64.manylinux2014_x86_64.whl (781 kB)
   ━━━━━━━━━━━━━━━━━━━━━━━━━━━━━━━━━━━━━━━ 781.7/781.7 kB 651.7 MB/s eta 0:00:00
Downloading safetensors-0.5.3-cp38-abi3-manylinux_2_17_x86_64.manylinux2014_x86_64.whl (471 kB)
Downloading scipy-1.15.2-cp310-cp310-manylinux_2_17_x86_64.manylinux2014_x86_64.whl (37.6 MB)
   ━━━━━━━━━━━━━━━━━━━━━━━━━━━━━━━━━━━━━━━━ 37.6/37.6 MB 279.6 MB/s eta 0:00:00
Downloading tokenizers-0.13.3-cp310-cp310-manylinux_2_17_x86_64.manylinux2014_x86_64.whl (7.8 MB)
   ━━━━━━━━━━━━━━━━━━━━━━━━━━━━━━━━━━━━━━━━ 7.8/7.8 MB 368.8 MB/s eta 0:00:00
Downloading tomli-2.2.1-py3-none-any.whl (14 kB)
Downloading tqdm-4.67.1-py3-none-any.whl (78 kB)
Downloading filelock-3.18.0-py3-none-any.whl (16 kB)
Downloading jinja2-3.1.6-py3-none-any.whl (134 kB)
Downloading networkx-3.4.2-py3-none-any.whl (1.7 MB)
   ━━━━━━━━━━━━━━━━━━━━━━━━━━━━━━━━━━━━━━━━ 1.7/1.7 MB 533.2 MB/s eta 0:00:00
Downloading MarkupSafe-3.0.2-cp310-cp310-manylinux_2_17_x86_64.manylinux2014_x86_64.whl (20 kB)
Downloading mpmath-1.3.0-py3-none-any.whl (536 kB)
   ━━━━━━━━━━━━━━━━━━━━━━━━━━━━━━━━━━━━━━━ 536.2/536.2 kB 679.5 MB/s eta 0:00:00
Installing collected packages: triton, tokenizers, nvidia-cusparselt-cu12, mpmath, addict, tqdm, tomli, sympy, scipy, safetensors, regex, opencv-python, nvidia-nvtx-cu12, nvidia-nvjitlink-cu12, nvidia-nccl-cu12, nvidia-curand-cu12, nvidia-cufft-cu12, nvidia-cuda-runtime-cu12, nvidia-cuda-nvrtc-cu12, nvidia-cuda-cupti-cu12, nvidia-cublas-cu12, networkx, MarkupSafe, fsspec, filelock, defusedxml, yapf, nvidia-cusparse-cu12, nvidia-cudnn-cu12, jinja2, huggingface-hub, transformers, supervision, pycocotools, nvidia-cusolver-cu12, torch, torchvision, timm
ERROR: pip's dependency resolver does not currently take into account all the packages that are installed. This behaviour is the source of the following dependency conflicts.
xformers 0.0.16 requires torch==1.13.1, but you have torch 2.6.0 which is incompatible.
Successfully installed MarkupSafe-3.0.2 addict-2.4.0 defusedxml-0.7.1 filelock-3.18.0 fsspec-2025.3.2 huggingface-hub-0.30.2 jinja2-3.1.6 mpmath-1.3.0 networkx-3.4.2 nvidia-cublas-cu12-12.4.5.8 nvidia-cuda-cupti-cu12-12.4.127 nvidia-cuda-nvrtc-cu12-12.4.127 nvidia-cuda-runtime-cu12-12.4.127 nvidia-cudnn-cu12-9.1.0.70 nvidia-cufft-cu12-11.2.1.3 nvidia-curand-cu12-10.3.5.147 nvidia-cusolver-cu12-11.6.1.9 nvidia-cusparse-cu12-12.3.1.170 nvidia-cusparselt-cu12-0.6.2 nvidia-nccl-cu12-2.21.5 nvidia-nvjitlink-cu12-12.4.127 nvidia-nvtx-cu12-12.4.127 opencv-python-4.11.0.86 pycocotools-2.0.8 regex-2024.11.6 safetensors-0.5.3 scipy-1.15.2 supervision-0.25.1 sympy-1.13.1 timm-1.0.15 tokenizers-0.13.3 tomli-2.2.1 torch-2.6.0 torchvision-0.21.0 tqdm-4.67.1 transformers-4.30.2 triton-3.2.0 yapf-0.43.0
Obtaining file:///scratch/ds5725/alvpr/Robust-Scene-Change-Detection/grounding_dino
  Preparing metadata (setup.py): started
  Preparing metadata (setup.py): finished with status 'done'
Installing collected packages: groundingdino
  DEPRECATION: Legacy editable install of groundingdino==0.1.0 from file:///scratch/ds5725/alvpr/Robust-Scene-Change-Detection/grounding_dino (setup.py develop) is deprecated. pip 25.1 will enforce this behaviour change. A possible replacement is to add a pyproject.toml or enable --use-pep517, and use setuptools >= 64. If the resulting installation is not behaving as expected, try using --config-settings editable_mode=compat. Please consult the setuptools documentation for more information. Discussion can be found at https://github.com/pypa/pip/issues/11457
  Running setup.py develop for groundingdino
    error: subprocess-exited-with-error
    
    × python setup.py develop did not run successfully.
    │ exit code: 1
    ╰─> [76 lines of output]
        Building wheel groundingdino-0.1.0
        Compiling with CUDA
        running develop
        /ext3/miniconda3/envs/scd/lib/python3.10/site-packages/setuptools/command/develop.py:41: EasyInstallDeprecationWarning: easy_install command is deprecated.
        !!
        
                ********************************************************************************
                Please avoid running ``setup.py`` and ``easy_install``.
                Instead, use pypa/build, pypa/installer or other
                standards-based tools.
        
                See https://github.com/pypa/setuptools/issues/917 for details.
                ********************************************************************************
        
        !!
          easy_install.initialize_options(self)
        /ext3/miniconda3/envs/scd/lib/python3.10/site-packages/setuptools/_distutils/cmd.py:79: SetuptoolsDeprecationWarning: setup.py install is deprecated.
        !!
        
                ********************************************************************************
                Please avoid running ``setup.py`` directly.
                Instead, use pypa/build, pypa/installer or other
                standards-based tools.
        
                See https://blog.ganssle.io/articles/2021/10/setup-py-deprecated.html for details.
                ********************************************************************************
        
        !!
          self.initialize_options()
        running egg_info
        writing groundingdino.egg-info/PKG-INFO
        writing dependency_links to groundingdino.egg-info/dependency_links.txt
        writing top-level names to groundingdino.egg-info/top_level.txt
        reading manifest file 'groundingdino.egg-info/SOURCES.txt'
        adding license file 'LICENSE'
        writing manifest file 'groundingdino.egg-info/SOURCES.txt'
        running build_ext
        Traceback (most recent call last):
          File "<string>", line 2, in <module>
          File "<pip-setuptools-caller>", line 34, in <module>
          File "/scratch/ds5725/alvpr/Robust-Scene-Change-Detection/grounding_dino/setup.py", line 208, in <module>
            setup(
          File "/ext3/miniconda3/envs/scd/lib/python3.10/site-packages/setuptools/__init__.py", line 117, in setup
            return distutils.core.setup(**attrs)
          File "/ext3/miniconda3/envs/scd/lib/python3.10/site-packages/setuptools/_distutils/core.py", line 186, in setup
            return run_commands(dist)
          File "/ext3/miniconda3/envs/scd/lib/python3.10/site-packages/setuptools/_distutils/core.py", line 202, in run_commands
            dist.run_commands()
          File "/ext3/miniconda3/envs/scd/lib/python3.10/site-packages/setuptools/_distutils/dist.py", line 983, in run_commands
            self.run_command(cmd)
          File "/ext3/miniconda3/envs/scd/lib/python3.10/site-packages/setuptools/dist.py", line 999, in run_command
            super().run_command(command)
          File "/ext3/miniconda3/envs/scd/lib/python3.10/site-packages/setuptools/_distutils/dist.py", line 1002, in run_command
            cmd_obj.run()
          File "/ext3/miniconda3/envs/scd/lib/python3.10/site-packages/setuptools/command/develop.py", line 35, in run
            self.install_for_development()
          File "/ext3/miniconda3/envs/scd/lib/python3.10/site-packages/setuptools/command/develop.py", line 112, in install_for_development
            self.run_command('build_ext')
          File "/ext3/miniconda3/envs/scd/lib/python3.10/site-packages/setuptools/_distutils/cmd.py", line 339, in run_command
            self.distribution.run_command(command)
          File "/ext3/miniconda3/envs/scd/lib/python3.10/site-packages/setuptools/dist.py", line 999, in run_command
            super().run_command(command)
          File "/ext3/miniconda3/envs/scd/lib/python3.10/site-packages/setuptools/_distutils/dist.py", line 1002, in run_command
            cmd_obj.run()
          File "/ext3/miniconda3/envs/scd/lib/python3.10/site-packages/setuptools/command/build_ext.py", line 99, in run
            _build_ext.run(self)
          File "/ext3/miniconda3/envs/scd/lib/python3.10/site-packages/setuptools/_distutils/command/build_ext.py", line 365, in run
            self.build_extensions()
          File "/ext3/miniconda3/envs/scd/lib/python3.10/site-packages/torch/utils/cpp_extension.py", line 552, in build_extensions
            _check_cuda_version(compiler_name, compiler_version)
          File "/ext3/miniconda3/envs/scd/lib/python3.10/site-packages/torch/utils/cpp_extension.py", line 447, in _check_cuda_version
            raise RuntimeError(CUDA_MISMATCH_MESSAGE.format(cuda_str_version, torch.version.cuda))
        RuntimeError:
        The detected CUDA version (11.7) mismatches the version that was used to compile
        PyTorch (12.4). Please make sure to use the same CUDA versions.
        
        [end of output]
    
    note: This error originates from a subprocess, and is likely not a problem with pip.
error: subprocess-exited-with-error

× python setup.py develop did not run successfully.
│ exit code: 1
╰─> [76 lines of output]
    Building wheel groundingdino-0.1.0
    Compiling with CUDA
    running develop
    /ext3/miniconda3/envs/scd/lib/python3.10/site-packages/setuptools/command/develop.py:41: EasyInstallDeprecationWarning: easy_install command is deprecated.
    !!
    
            ********************************************************************************
            Please avoid running ``setup.py`` and ``easy_install``.
            Instead, use pypa/build, pypa/installer or other
            standards-based tools.
    
            See https://github.com/pypa/setuptools/issues/917 for details.
            ********************************************************************************
    
    !!
      easy_install.initialize_options(self)
    /ext3/miniconda3/envs/scd/lib/python3.10/site-packages/setuptools/_distutils/cmd.py:79: SetuptoolsDeprecationWarning: setup.py install is deprecated.
    !!
    
            ********************************************************************************
            Please avoid running ``setup.py`` directly.
            Instead, use pypa/build, pypa/installer or other
            standards-based tools.
    
            See https://blog.ganssle.io/articles/2021/10/setup-py-deprecated.html for details.
            ********************************************************************************
    
    !!
      self.initialize_options()
    running egg_info
    writing groundingdino.egg-info/PKG-INFO
    writing dependency_links to groundingdino.egg-info/dependency_links.txt
    writing top-level names to groundingdino.egg-info/top_level.txt
    reading manifest file 'groundingdino.egg-info/SOURCES.txt'
    adding license file 'LICENSE'
    writing manifest file 'groundingdino.egg-info/SOURCES.txt'
    running build_ext
    Traceback (most recent call last):
      File "<string>", line 2, in <module>
      File "<pip-setuptools-caller>", line 34, in <module>
      File "/scratch/ds5725/alvpr/Robust-Scene-Change-Detection/grounding_dino/setup.py", line 208, in <module>
        setup(
      File "/ext3/miniconda3/envs/scd/lib/python3.10/site-packages/setuptools/__init__.py", line 117, in setup
        return distutils.core.setup(**attrs)
      File "/ext3/miniconda3/envs/scd/lib/python3.10/site-packages/setuptools/_distutils/core.py", line 186, in setup
        return run_commands(dist)
      File "/ext3/miniconda3/envs/scd/lib/python3.10/site-packages/setuptools/_distutils/core.py", line 202, in run_commands
        dist.run_commands()
      File "/ext3/miniconda3/envs/scd/lib/python3.10/site-packages/setuptools/_distutils/dist.py", line 983, in run_commands
        self.run_command(cmd)
      File "/ext3/miniconda3/envs/scd/lib/python3.10/site-packages/setuptools/dist.py", line 999, in run_command
        super().run_command(command)
      File "/ext3/miniconda3/envs/scd/lib/python3.10/site-packages/setuptools/_distutils/dist.py", line 1002, in run_command
        cmd_obj.run()
      File "/ext3/miniconda3/envs/scd/lib/python3.10/site-packages/setuptools/command/develop.py", line 35, in run
        self.install_for_development()
      File "/ext3/miniconda3/envs/scd/lib/python3.10/site-packages/setuptools/command/develop.py", line 112, in install_for_development
        self.run_command('build_ext')
      File "/ext3/miniconda3/envs/scd/lib/python3.10/site-packages/setuptools/_distutils/cmd.py", line 339, in run_command
        self.distribution.run_command(command)
      File "/ext3/miniconda3/envs/scd/lib/python3.10/site-packages/setuptools/dist.py", line 999, in run_command
        super().run_command(command)
      File "/ext3/miniconda3/envs/scd/lib/python3.10/site-packages/setuptools/_distutils/dist.py", line 1002, in run_command
        cmd_obj.run()
      File "/ext3/miniconda3/envs/scd/lib/python3.10/site-packages/setuptools/command/build_ext.py", line 99, in run
        _build_ext.run(self)
      File "/ext3/miniconda3/envs/scd/lib/python3.10/site-packages/setuptools/_distutils/command/build_ext.py", line 365, in run
        self.build_extensions()
      File "/ext3/miniconda3/envs/scd/lib/python3.10/site-packages/torch/utils/cpp_extension.py", line 552, in build_extensions
        _check_cuda_version(compiler_name, compiler_version)
      File "/ext3/miniconda3/envs/scd/lib/python3.10/site-packages/torch/utils/cpp_extension.py", line 447, in _check_cuda_version
        raise RuntimeError(CUDA_MISMATCH_MESSAGE.format(cuda_str_version, torch.version.cuda))
    RuntimeError:
    The detected CUDA version (11.7) mismatches the version that was used to compile
    PyTorch (12.4). Please make sure to use the same CUDA versions.
    
    [end of output]

note: This error originates from a subprocess, and is likely not a problem with pip.
